f:\project documents and code-20180420\cie202-proj-s2018\cie202-proj-s2018\project framework\debug\pt project.bsc
f:\project documents and code-20180420\cie202-proj-s2018\cie202-proj-s2018\project framework\debug\main.sbr
f:\project documents and code-20180420\cie202-proj-s2018\cie202-proj-s2018\project framework\debug\applicationmanager.sbr
f:\project documents and code-20180420\cie202-proj-s2018\cie202-proj-s2018\project framework\debug\gui.sbr
f:\project documents and code-20180420\cie202-proj-s2018\cie202-proj-s2018\project framework\debug\actionaddsquare.sbr
f:\project documents and code-20180420\cie202-proj-s2018\cie202-proj-s2018\project framework\debug\csquare.sbr
f:\project documents and code-20180420\cie202-proj-s2018\cie202-proj-s2018\project framework\debug\cfigure.sbr
f:\project documents and code-20180420\cie202-proj-s2018\cie202-proj-s2018\project framework\debug\windowinput.sbr
f:\project documents and code-20180420\cie202-proj-s2018\cie202-proj-s2018\project framework\debug\mousequeue.sbr
f:\project documents and code-20180420\cie202-proj-s2018\cie202-proj-s2018\project framework\debug\keyqueue.sbr
f:\project documents and code-20180420\cie202-proj-s2018\cie202-proj-s2018\project framework\debug\image.sbr
f:\project documents and code-20180420\cie202-proj-s2018\cie202-proj-s2018\project framework\debug\cmugraphics.sbr
f:\project documents and code-20180420\cie202-proj-s2018\cie202-proj-s2018\project framework\debug\auxil.sbr
f:\project documents and code-20180420\cie202-proj-s2018\cie202-proj-s2018\project framework\debug\auxil.obj
f:\project documents and code-20180420\cie202-proj-s2018\cie202-proj-s2018\project framework\debug\cmugraphics.obj
f:\project documents and code-20180420\cie202-proj-s2018\cie202-proj-s2018\project framework\debug\image.obj
f:\project documents and code-20180420\cie202-proj-s2018\cie202-proj-s2018\project framework\debug\keyqueue.obj
f:\project documents and code-20180420\cie202-proj-s2018\cie202-proj-s2018\project framework\debug\mousequeue.obj
f:\project documents and code-20180420\cie202-proj-s2018\cie202-proj-s2018\project framework\debug\windowinput.obj
f:\project documents and code-20180420\cie202-proj-s2018\cie202-proj-s2018\project framework\debug\cfigure.obj
f:\project documents and code-20180420\cie202-proj-s2018\cie202-proj-s2018\project framework\debug\csquare.obj
f:\project documents and code-20180420\cie202-proj-s2018\cie202-proj-s2018\project framework\debug\actionaddsquare.obj
f:\project documents and code-20180420\cie202-proj-s2018\cie202-proj-s2018\project framework\debug\gui.obj
f:\project documents and code-20180420\cie202-proj-s2018\cie202-proj-s2018\project framework\debug\applicationmanager.obj
f:\project documents and code-20180420\cie202-proj-s2018\cie202-proj-s2018\project framework\debug\main.obj
f:\project documents and code-20180420\cie202-proj-s2018\cie202-proj-s2018\project framework\debug\vc110.pdb
f:\project documents and code-20180420\cie202-proj-s2018\cie202-proj-s2018\project framework\debug\jutils.sbr
f:\project documents and code-20180420\cie202-proj-s2018\cie202-proj-s2018\project framework\debug\jquant2.sbr
f:\project documents and code-20180420\cie202-proj-s2018\cie202-proj-s2018\project framework\debug\jquant1.sbr
f:\project documents and code-20180420\cie202-proj-s2018\cie202-proj-s2018\project framework\debug\jmemnobs.sbr
f:\project documents and code-20180420\cie202-proj-s2018\cie202-proj-s2018\project framework\debug\jmemmgr.sbr
f:\project documents and code-20180420\cie202-proj-s2018\cie202-proj-s2018\project framework\debug\jidctred.sbr
f:\project documents and code-20180420\cie202-proj-s2018\cie202-proj-s2018\project framework\debug\jidctint.sbr
f:\project documents and code-20180420\cie202-proj-s2018\cie202-proj-s2018\project framework\debug\jidctfst.sbr
f:\project documents and code-20180420\cie202-proj-s2018\cie202-proj-s2018\project framework\debug\jidctflt.sbr
f:\project documents and code-20180420\cie202-proj-s2018\cie202-proj-s2018\project framework\debug\jerror.sbr
f:\project documents and code-20180420\cie202-proj-s2018\cie202-proj-s2018\project framework\debug\jdtrans.sbr
f:\project documents and code-20180420\cie202-proj-s2018\cie202-proj-s2018\project framework\debug\jdsample.sbr
f:\project documents and code-20180420\cie202-proj-s2018\cie202-proj-s2018\project framework\debug\jdpostct.sbr
f:\project documents and code-20180420\cie202-proj-s2018\cie202-proj-s2018\project framework\debug\jdphuff.sbr
f:\project documents and code-20180420\cie202-proj-s2018\cie202-proj-s2018\project framework\debug\jdmerge.sbr
f:\project documents and code-20180420\cie202-proj-s2018\cie202-proj-s2018\project framework\debug\jdmaster.sbr
f:\project documents and code-20180420\cie202-proj-s2018\cie202-proj-s2018\project framework\debug\jdmarker.sbr
f:\project documents and code-20180420\cie202-proj-s2018\cie202-proj-s2018\project framework\debug\jdmainct.sbr
f:\project documents and code-20180420\cie202-proj-s2018\cie202-proj-s2018\project framework\debug\jdinput.sbr
f:\project documents and code-20180420\cie202-proj-s2018\cie202-proj-s2018\project framework\debug\jdhuff.sbr
f:\project documents and code-20180420\cie202-proj-s2018\cie202-proj-s2018\project framework\debug\jdhuff.obj
f:\project documents and code-20180420\cie202-proj-s2018\cie202-proj-s2018\project framework\debug\jdinput.obj
f:\project documents and code-20180420\cie202-proj-s2018\cie202-proj-s2018\project framework\debug\jdmainct.obj
f:\project documents and code-20180420\cie202-proj-s2018\cie202-proj-s2018\project framework\debug\jdmarker.obj
f:\project documents and code-20180420\cie202-proj-s2018\cie202-proj-s2018\project framework\debug\jdmaster.obj
f:\project documents and code-20180420\cie202-proj-s2018\cie202-proj-s2018\project framework\debug\jdmerge.obj
f:\project documents and code-20180420\cie202-proj-s2018\cie202-proj-s2018\project framework\debug\jdphuff.obj
f:\project documents and code-20180420\cie202-proj-s2018\cie202-proj-s2018\project framework\debug\jdpostct.obj
f:\project documents and code-20180420\cie202-proj-s2018\cie202-proj-s2018\project framework\debug\jdsample.obj
f:\project documents and code-20180420\cie202-proj-s2018\cie202-proj-s2018\project framework\debug\jdtrans.obj
f:\project documents and code-20180420\cie202-proj-s2018\cie202-proj-s2018\project framework\debug\jerror.obj
f:\project documents and code-20180420\cie202-proj-s2018\cie202-proj-s2018\project framework\debug\jidctflt.obj
f:\project documents and code-20180420\cie202-proj-s2018\cie202-proj-s2018\project framework\debug\jidctfst.obj
f:\project documents and code-20180420\cie202-proj-s2018\cie202-proj-s2018\project framework\debug\jidctint.obj
f:\project documents and code-20180420\cie202-proj-s2018\cie202-proj-s2018\project framework\debug\jidctred.obj
f:\project documents and code-20180420\cie202-proj-s2018\cie202-proj-s2018\project framework\debug\jmemmgr.obj
f:\project documents and code-20180420\cie202-proj-s2018\cie202-proj-s2018\project framework\debug\jmemnobs.obj
f:\project documents and code-20180420\cie202-proj-s2018\cie202-proj-s2018\project framework\debug\jquant1.obj
f:\project documents and code-20180420\cie202-proj-s2018\cie202-proj-s2018\project framework\debug\jquant2.obj
f:\project documents and code-20180420\cie202-proj-s2018\cie202-proj-s2018\project framework\debug\jutils.obj
f:\project documents and code-20180420\cie202-proj-s2018\cie202-proj-s2018\project framework\debug\jddctmgr.sbr
f:\project documents and code-20180420\cie202-proj-s2018\cie202-proj-s2018\project framework\debug\jdcolor.sbr
f:\project documents and code-20180420\cie202-proj-s2018\cie202-proj-s2018\project framework\debug\jdcoefct.sbr
f:\project documents and code-20180420\cie202-proj-s2018\cie202-proj-s2018\project framework\debug\jdatasrc.sbr
f:\project documents and code-20180420\cie202-proj-s2018\cie202-proj-s2018\project framework\debug\jdapistd.sbr
f:\project documents and code-20180420\cie202-proj-s2018\cie202-proj-s2018\project framework\debug\jdapimin.sbr
f:\project documents and code-20180420\cie202-proj-s2018\cie202-proj-s2018\project framework\debug\jcparam.sbr
f:\project documents and code-20180420\cie202-proj-s2018\cie202-proj-s2018\project framework\debug\jcomapi.sbr
f:\project documents and code-20180420\cie202-proj-s2018\cie202-proj-s2018\project framework\debug\jpegload.sbr
f:\project documents and code-20180420\cie202-proj-s2018\cie202-proj-s2018\project framework\debug\jpegload.obj
f:\project documents and code-20180420\cie202-proj-s2018\cie202-proj-s2018\project framework\debug\jcomapi.obj
f:\project documents and code-20180420\cie202-proj-s2018\cie202-proj-s2018\project framework\debug\jcparam.obj
f:\project documents and code-20180420\cie202-proj-s2018\cie202-proj-s2018\project framework\debug\jdapimin.obj
f:\project documents and code-20180420\cie202-proj-s2018\cie202-proj-s2018\project framework\debug\jdapistd.obj
f:\project documents and code-20180420\cie202-proj-s2018\cie202-proj-s2018\project framework\debug\jdatasrc.obj
f:\project documents and code-20180420\cie202-proj-s2018\cie202-proj-s2018\project framework\debug\jdcoefct.obj
f:\project documents and code-20180420\cie202-proj-s2018\cie202-proj-s2018\project framework\debug\jdcolor.obj
f:\project documents and code-20180420\cie202-proj-s2018\cie202-proj-s2018\project framework\debug\jddctmgr.obj
f:\project documents and code-20180420\cie202-proj-s2018\cie202-proj-s2018\project framework\debug\pt project.ilk
f:\project documents and code-20180420\cie202-proj-s2018\cie202-proj-s2018\project framework\debug\pt project.exe
f:\project documents and code-20180420\cie202-proj-s2018\cie202-proj-s2018\project framework\debug\pt project.pdb
g:\courses\programming\iti\c++\cpp project 01\project framework 05\debug\pt project.bsc
g:\courses\programming\iti\c++\cpp project 01\project framework 05\debug\vc143.pdb
g:\courses\programming\iti\c++\cpp project 01\project framework 05\debug\vc143.idb
g:\courses\programming\iti\c++\cpp project 01\project framework 05\debug\main.sbr
g:\courses\programming\iti\c++\cpp project 01\project framework 05\debug\applicationmanager.sbr
g:\courses\programming\iti\c++\cpp project 01\project framework 05\debug\gui.sbr
g:\courses\programming\iti\c++\cpp project 01\project framework 05\debug\actionaddsquare.sbr
g:\courses\programming\iti\c++\cpp project 01\project framework 05\debug\csquare.sbr
g:\courses\programming\iti\c++\cpp project 01\project framework 05\debug\cfigure.sbr
g:\courses\programming\iti\c++\cpp project 01\project framework 05\debug\windowinput.sbr
g:\courses\programming\iti\c++\cpp project 01\project framework 05\debug\mousequeue.sbr
g:\courses\programming\iti\c++\cpp project 01\project framework 05\debug\keyqueue.sbr
g:\courses\programming\iti\c++\cpp project 01\project framework 05\debug\image.sbr
g:\courses\programming\iti\c++\cpp project 01\project framework 05\debug\cmugraphics.sbr
g:\courses\programming\iti\c++\cpp project 01\project framework 05\debug\auxil.sbr
g:\courses\programming\iti\c++\cpp project 01\project framework 05\debug\actionselect.sbr
g:\courses\programming\iti\c++\cpp project 01\project framework 05\debug\actiondelete.sbr
g:\courses\programming\iti\c++\cpp project 01\project framework 05\debug\actiondelete.obj
g:\courses\programming\iti\c++\cpp project 01\project framework 05\debug\actionselect.obj
g:\courses\programming\iti\c++\cpp project 01\project framework 05\debug\auxil.obj
g:\courses\programming\iti\c++\cpp project 01\project framework 05\debug\cmugraphics.obj
g:\courses\programming\iti\c++\cpp project 01\project framework 05\debug\image.obj
g:\courses\programming\iti\c++\cpp project 01\project framework 05\debug\keyqueue.obj
g:\courses\programming\iti\c++\cpp project 01\project framework 05\debug\mousequeue.obj
g:\courses\programming\iti\c++\cpp project 01\project framework 05\debug\windowinput.obj
g:\courses\programming\iti\c++\cpp project 01\project framework 05\debug\cfigure.obj
g:\courses\programming\iti\c++\cpp project 01\project framework 05\debug\csquare.obj
g:\courses\programming\iti\c++\cpp project 01\project framework 05\debug\actionaddsquare.obj
g:\courses\programming\iti\c++\cpp project 01\project framework 05\debug\gui.obj
g:\courses\programming\iti\c++\cpp project 01\project framework 05\debug\applicationmanager.obj
g:\courses\programming\iti\c++\cpp project 01\project framework 05\debug\main.obj
g:\courses\programming\iti\c++\cpp project 01\project framework 05\debug\jutils.sbr
g:\courses\programming\iti\c++\cpp project 01\project framework 05\debug\jquant2.sbr
g:\courses\programming\iti\c++\cpp project 01\project framework 05\debug\jquant1.sbr
g:\courses\programming\iti\c++\cpp project 01\project framework 05\debug\jmemnobs.sbr
g:\courses\programming\iti\c++\cpp project 01\project framework 05\debug\jmemmgr.sbr
g:\courses\programming\iti\c++\cpp project 01\project framework 05\debug\jidctred.sbr
g:\courses\programming\iti\c++\cpp project 01\project framework 05\debug\jidctint.sbr
g:\courses\programming\iti\c++\cpp project 01\project framework 05\debug\jidctfst.sbr
g:\courses\programming\iti\c++\cpp project 01\project framework 05\debug\jidctflt.sbr
g:\courses\programming\iti\c++\cpp project 01\project framework 05\debug\jerror.sbr
g:\courses\programming\iti\c++\cpp project 01\project framework 05\debug\jdtrans.sbr
g:\courses\programming\iti\c++\cpp project 01\project framework 05\debug\jdsample.sbr
g:\courses\programming\iti\c++\cpp project 01\project framework 05\debug\jdpostct.sbr
g:\courses\programming\iti\c++\cpp project 01\project framework 05\debug\jdphuff.sbr
g:\courses\programming\iti\c++\cpp project 01\project framework 05\debug\jdmerge.sbr
g:\courses\programming\iti\c++\cpp project 01\project framework 05\debug\jdmaster.sbr
g:\courses\programming\iti\c++\cpp project 01\project framework 05\debug\jdmarker.sbr
g:\courses\programming\iti\c++\cpp project 01\project framework 05\debug\jdmainct.sbr
g:\courses\programming\iti\c++\cpp project 01\project framework 05\debug\jdinput.sbr
g:\courses\programming\iti\c++\cpp project 01\project framework 05\debug\jdhuff.sbr
g:\courses\programming\iti\c++\cpp project 01\project framework 05\debug\jdhuff.obj
g:\courses\programming\iti\c++\cpp project 01\project framework 05\debug\jdinput.obj
g:\courses\programming\iti\c++\cpp project 01\project framework 05\debug\jdmainct.obj
g:\courses\programming\iti\c++\cpp project 01\project framework 05\debug\jdmarker.obj
g:\courses\programming\iti\c++\cpp project 01\project framework 05\debug\jdmaster.obj
g:\courses\programming\iti\c++\cpp project 01\project framework 05\debug\jdmerge.obj
g:\courses\programming\iti\c++\cpp project 01\project framework 05\debug\jdphuff.obj
g:\courses\programming\iti\c++\cpp project 01\project framework 05\debug\jdpostct.obj
g:\courses\programming\iti\c++\cpp project 01\project framework 05\debug\jdsample.obj
g:\courses\programming\iti\c++\cpp project 01\project framework 05\debug\jdtrans.obj
g:\courses\programming\iti\c++\cpp project 01\project framework 05\debug\jerror.obj
g:\courses\programming\iti\c++\cpp project 01\project framework 05\debug\jidctflt.obj
g:\courses\programming\iti\c++\cpp project 01\project framework 05\debug\jidctfst.obj
g:\courses\programming\iti\c++\cpp project 01\project framework 05\debug\jidctint.obj
g:\courses\programming\iti\c++\cpp project 01\project framework 05\debug\jidctred.obj
g:\courses\programming\iti\c++\cpp project 01\project framework 05\debug\jmemmgr.obj
g:\courses\programming\iti\c++\cpp project 01\project framework 05\debug\jmemnobs.obj
g:\courses\programming\iti\c++\cpp project 01\project framework 05\debug\jquant1.obj
g:\courses\programming\iti\c++\cpp project 01\project framework 05\debug\jquant2.obj
g:\courses\programming\iti\c++\cpp project 01\project framework 05\debug\jutils.obj
g:\courses\programming\iti\c++\cpp project 01\project framework 05\debug\jddctmgr.sbr
g:\courses\programming\iti\c++\cpp project 01\project framework 05\debug\jdcolor.sbr
g:\courses\programming\iti\c++\cpp project 01\project framework 05\debug\jdcoefct.sbr
g:\courses\programming\iti\c++\cpp project 01\project framework 05\debug\jdatasrc.sbr
g:\courses\programming\iti\c++\cpp project 01\project framework 05\debug\jdapistd.sbr
g:\courses\programming\iti\c++\cpp project 01\project framework 05\debug\jdapimin.sbr
g:\courses\programming\iti\c++\cpp project 01\project framework 05\debug\jcparam.sbr
g:\courses\programming\iti\c++\cpp project 01\project framework 05\debug\jcomapi.sbr
g:\courses\programming\iti\c++\cpp project 01\project framework 05\debug\jpegload.sbr
g:\courses\programming\iti\c++\cpp project 01\project framework 05\debug\jpegload.obj
g:\courses\programming\iti\c++\cpp project 01\project framework 05\debug\jcomapi.obj
g:\courses\programming\iti\c++\cpp project 01\project framework 05\debug\jcparam.obj
g:\courses\programming\iti\c++\cpp project 01\project framework 05\debug\jdapimin.obj
g:\courses\programming\iti\c++\cpp project 01\project framework 05\debug\jdapistd.obj
g:\courses\programming\iti\c++\cpp project 01\project framework 05\debug\jdatasrc.obj
g:\courses\programming\iti\c++\cpp project 01\project framework 05\debug\jdcoefct.obj
g:\courses\programming\iti\c++\cpp project 01\project framework 05\debug\jdcolor.obj
g:\courses\programming\iti\c++\cpp project 01\project framework 05\debug\jddctmgr.obj
g:\courses\programming\iti\c++\cpp project 01\project framework 05\debug\actionchangecolor.sbr
g:\courses\programming\iti\c++\cpp project 01\project framework 05\debug\actionchangecolor.obj
g:\courses\programming\iti\c++\cpp project 01\project framework 06\debug\vc143.pdb
g:\courses\programming\iti\c++\cpp project 01\project framework 06\debug\vc143.idb
g:\courses\programming\iti\c++\cpp project 01\project framework 06\debug\main.sbr
g:\courses\programming\iti\c++\cpp project 01\project framework 06\debug\applicationmanager.sbr
g:\courses\programming\iti\c++\cpp project 01\project framework 06\debug\gui.sbr
g:\courses\programming\iti\c++\cpp project 01\project framework 06\debug\actionaddsquare.sbr
g:\courses\programming\iti\c++\cpp project 01\project framework 06\debug\csquare.sbr
g:\courses\programming\iti\c++\cpp project 01\project framework 06\debug\cfigure.sbr
g:\courses\programming\iti\c++\cpp project 01\project framework 06\debug\windowinput.sbr
g:\courses\programming\iti\c++\cpp project 01\project framework 06\debug\mousequeue.sbr
g:\courses\programming\iti\c++\cpp project 01\project framework 06\debug\keyqueue.sbr
g:\courses\programming\iti\c++\cpp project 01\project framework 06\debug\image.sbr
g:\courses\programming\iti\c++\cpp project 01\project framework 06\debug\cmugraphics.sbr
g:\courses\programming\iti\c++\cpp project 01\project framework 06\debug\auxil.sbr
g:\courses\programming\iti\c++\cpp project 01\project framework 06\debug\actionselect.sbr
g:\courses\programming\iti\c++\cpp project 01\project framework 06\debug\actiondelete.sbr
g:\courses\programming\iti\c++\cpp project 01\project framework 06\debug\actionchangecolor.sbr
g:\courses\programming\iti\c++\cpp project 01\project framework 06\debug\actionsave.sbr
g:\courses\programming\iti\c++\cpp project 01\project framework 06\debug\actionopen.sbr
g:\courses\programming\iti\c++\cpp project 01\project framework 06\debug\actionchangecolor.obj
g:\courses\programming\iti\c++\cpp project 01\project framework 06\debug\actiondelete.obj
g:\courses\programming\iti\c++\cpp project 01\project framework 06\debug\actionselect.obj
g:\courses\programming\iti\c++\cpp project 01\project framework 06\debug\auxil.obj
g:\courses\programming\iti\c++\cpp project 01\project framework 06\debug\cmugraphics.obj
g:\courses\programming\iti\c++\cpp project 01\project framework 06\debug\image.obj
g:\courses\programming\iti\c++\cpp project 01\project framework 06\debug\keyqueue.obj
g:\courses\programming\iti\c++\cpp project 01\project framework 06\debug\mousequeue.obj
g:\courses\programming\iti\c++\cpp project 01\project framework 06\debug\windowinput.obj
g:\courses\programming\iti\c++\cpp project 01\project framework 06\debug\cfigure.obj
g:\courses\programming\iti\c++\cpp project 01\project framework 06\debug\csquare.obj
g:\courses\programming\iti\c++\cpp project 01\project framework 06\debug\actionaddsquare.obj
g:\courses\programming\iti\c++\cpp project 01\project framework 06\debug\gui.obj
g:\courses\programming\iti\c++\cpp project 01\project framework 06\debug\applicationmanager.obj
g:\courses\programming\iti\c++\cpp project 01\project framework 06\debug\main.obj
g:\courses\programming\iti\c++\cpp project 01\project framework 06\debug\jcomapi.obj
g:\courses\programming\iti\c++\cpp project 01\project framework 06\debug\jcparam.obj
g:\courses\programming\iti\c++\cpp project 01\project framework 06\debug\jdapimin.obj
g:\courses\programming\iti\c++\cpp project 01\project framework 06\debug\jdapistd.obj
g:\courses\programming\iti\c++\cpp project 01\project framework 06\debug\jdatasrc.obj
g:\courses\programming\iti\c++\cpp project 01\project framework 06\debug\jdcoefct.obj
g:\courses\programming\iti\c++\cpp project 01\project framework 06\debug\jdcolor.obj
g:\courses\programming\iti\c++\cpp project 01\project framework 06\debug\jddctmgr.obj
g:\courses\programming\iti\c++\cpp project 01\project framework 06\debug\jdhuff.obj
g:\courses\programming\iti\c++\cpp project 01\project framework 06\debug\jdinput.obj
g:\courses\programming\iti\c++\cpp project 01\project framework 06\debug\jdmainct.obj
g:\courses\programming\iti\c++\cpp project 01\project framework 06\debug\jdmarker.obj
g:\courses\programming\iti\c++\cpp project 01\project framework 06\debug\jdmaster.obj
g:\courses\programming\iti\c++\cpp project 01\project framework 06\debug\jdmerge.obj
g:\courses\programming\iti\c++\cpp project 01\project framework 06\debug\jdphuff.obj
g:\courses\programming\iti\c++\cpp project 01\project framework 06\debug\jdpostct.obj
g:\courses\programming\iti\c++\cpp project 01\project framework 06\debug\jdsample.obj
g:\courses\programming\iti\c++\cpp project 01\project framework 06\debug\jdtrans.obj
g:\courses\programming\iti\c++\cpp project 01\project framework 06\debug\jerror.obj
g:\courses\programming\iti\c++\cpp project 01\project framework 06\debug\jidctflt.obj
g:\courses\programming\iti\c++\cpp project 01\project framework 06\debug\jidctfst.obj
g:\courses\programming\iti\c++\cpp project 01\project framework 06\debug\jidctint.obj
g:\courses\programming\iti\c++\cpp project 01\project framework 06\debug\jidctred.obj
g:\courses\programming\iti\c++\cpp project 01\project framework 06\debug\jmemmgr.obj
g:\courses\programming\iti\c++\cpp project 01\project framework 06\debug\jmemnobs.obj
g:\courses\programming\iti\c++\cpp project 01\project framework 06\debug\jpegload.obj
g:\courses\programming\iti\c++\cpp project 01\project framework 06\debug\jquant1.obj
g:\courses\programming\iti\c++\cpp project 01\project framework 06\debug\jquant2.obj
g:\courses\programming\iti\c++\cpp project 01\project framework 06\debug\jutils.obj
g:\courses\programming\iti\c++\cpp project 01\project framework 06\debug\bscmake.command.1.tlog
g:\courses\programming\iti\c++\cpp project 01\project framework 06\debug\bscmake.read.1.tlog
g:\courses\programming\iti\c++\cpp project 01\project framework 06\debug\bscmake.write.1.tlog
g:\courses\programming\iti\c++\cpp project 01\project framework 06\debug\cl.command.1.tlog
g:\courses\programming\iti\c++\cpp project 01\project framework 06\debug\cl.read.1.tlog
g:\courses\programming\iti\c++\cpp project 01\project framework 06\debug\cl.write.1.tlog
g:\courses\programming\iti\c++\cpp project 01\project framework 06\debug\link-cvtres.read.1.tlog
g:\courses\programming\iti\c++\cpp project 01\project framework 06\debug\link-cvtres.write.1.tlog
g:\courses\programming\iti\c++\cpp project 01\project framework 06\debug\link-rc.read.1.tlog
g:\courses\programming\iti\c++\cpp project 01\project framework 06\debug\link-rc.write.1.tlog
g:\courses\programming\iti\c++\cpp project 01\project framework 06\debug\link.command.1.tlog
g:\courses\programming\iti\c++\cpp project 01\project framework 06\debug\link.read.1.tlog
g:\courses\programming\iti\c++\cpp project 01\project framework 06\debug\link.write.1.tlog
g:\courses\programming\iti\c++\cpp project 01\project framework 06\debug\vc110.idb
g:\courses\programming\iti\c++\cpp project 01\project framework 06\debug\pt project.pdb
g:\courses\programming\iti\c++\cpp project 01\project framework 06\debug\vc110.pdb
g:\courses\programming\iti\c++\cpp project 01\project framework 06\debug\pt project.bsc
g:\courses\programming\iti\c++\cpp project 01\project framework 06\debug\jcomapi.sbr
g:\courses\programming\iti\c++\cpp project 01\project framework 06\debug\jcparam.sbr
g:\courses\programming\iti\c++\cpp project 01\project framework 06\debug\jdapimin.sbr
g:\courses\programming\iti\c++\cpp project 01\project framework 06\debug\jdapistd.sbr
g:\courses\programming\iti\c++\cpp project 01\project framework 06\debug\jdatasrc.sbr
g:\courses\programming\iti\c++\cpp project 01\project framework 06\debug\jdcoefct.sbr
g:\courses\programming\iti\c++\cpp project 01\project framework 06\debug\jdcolor.sbr
g:\courses\programming\iti\c++\cpp project 01\project framework 06\debug\jddctmgr.sbr
g:\courses\programming\iti\c++\cpp project 01\project framework 06\debug\jdhuff.sbr
g:\courses\programming\iti\c++\cpp project 01\project framework 06\debug\jdinput.sbr
g:\courses\programming\iti\c++\cpp project 01\project framework 06\debug\jdmainct.sbr
g:\courses\programming\iti\c++\cpp project 01\project framework 06\debug\jdmarker.sbr
g:\courses\programming\iti\c++\cpp project 01\project framework 06\debug\jdmaster.sbr
g:\courses\programming\iti\c++\cpp project 01\project framework 06\debug\jdmerge.sbr
g:\courses\programming\iti\c++\cpp project 01\project framework 06\debug\jdphuff.sbr
g:\courses\programming\iti\c++\cpp project 01\project framework 06\debug\jdpostct.sbr
g:\courses\programming\iti\c++\cpp project 01\project framework 06\debug\jdsample.sbr
g:\courses\programming\iti\c++\cpp project 01\project framework 06\debug\jdtrans.sbr
g:\courses\programming\iti\c++\cpp project 01\project framework 06\debug\jerror.sbr
g:\courses\programming\iti\c++\cpp project 01\project framework 06\debug\jidctflt.sbr
g:\courses\programming\iti\c++\cpp project 01\project framework 06\debug\jidctfst.sbr
g:\courses\programming\iti\c++\cpp project 01\project framework 06\debug\jidctint.sbr
g:\courses\programming\iti\c++\cpp project 01\project framework 06\debug\jidctred.sbr
g:\courses\programming\iti\c++\cpp project 01\project framework 06\debug\jmemmgr.sbr
g:\courses\programming\iti\c++\cpp project 01\project framework 06\debug\jmemnobs.sbr
g:\courses\programming\iti\c++\cpp project 01\project framework 06\debug\jpegload.sbr
g:\courses\programming\iti\c++\cpp project 01\project framework 06\debug\jquant1.sbr
g:\courses\programming\iti\c++\cpp project 01\project framework 06\debug\jquant2.sbr
g:\courses\programming\iti\c++\cpp project 01\project framework 06\debug\jutils.sbr
g:\courses\programming\iti\c++\cpp project 01\project framework 06\debug\pt project.tlog\bscmake.command.1.tlog
g:\courses\programming\iti\c++\cpp project 01\project framework 06\debug\pt project.tlog\bscmake.read.1.tlog
g:\courses\programming\iti\c++\cpp project 01\project framework 06\debug\pt project.tlog\bscmake.write.1.tlog
g:\courses\programming\iti\c++\cpp project 01\project framework 06\debug\pt project.tlog\cl.command.1.tlog
g:\courses\programming\iti\c++\cpp project 01\project framework 06\debug\pt project.tlog\cl.read.1.tlog
g:\courses\programming\iti\c++\cpp project 01\project framework 06\debug\pt project.tlog\cl.write.1.tlog
g:\courses\programming\iti\c++\cpp project 01\project framework 06\debug\pt project.tlog\link-cvtres.read.1.tlog
g:\courses\programming\iti\c++\cpp project 01\project framework 06\debug\pt project.tlog\link-cvtres.write.1.tlog
g:\courses\programming\iti\c++\cpp project 01\project framework 06\debug\pt project.tlog\link-rc.read.1.tlog
g:\courses\programming\iti\c++\cpp project 01\project framework 06\debug\pt project.tlog\link-rc.write.1.tlog
g:\courses\programming\iti\c++\cpp project 01\project framework 06\debug\pt project.tlog\link.17728-cvtres.read.1.tlog
g:\courses\programming\iti\c++\cpp project 01\project framework 06\debug\pt project.tlog\link.17728-cvtres.write.1.tlog
g:\courses\programming\iti\c++\cpp project 01\project framework 06\debug\pt project.tlog\link.17728-rc.read.1.tlog
g:\courses\programming\iti\c++\cpp project 01\project framework 06\debug\pt project.tlog\link.17728-rc.write.1.tlog
g:\courses\programming\iti\c++\cpp project 01\project framework 06\debug\pt project.tlog\link.17728.read.1.tlog
g:\courses\programming\iti\c++\cpp project 01\project framework 06\debug\pt project.tlog\link.17728.write.1.tlog
g:\courses\programming\iti\c++\cpp project 01\project framework 06\debug\pt project.tlog\link.command.1.tlog
g:\courses\programming\iti\c++\cpp project 01\project framework 06\debug\pt project.tlog\link.read.1.tlog
g:\courses\programming\iti\c++\cpp project 01\project framework 06\debug\pt project.tlog\link.write.1.tlog
